<?xml version="1.0" encoding="UTF-8"?>
<!-- Generated by org.testng.reporters.JUnitReportReporter -->
<testsuite hostname="DESKTOP-5V9BS6T" failures="0" tests="1" name="testcases.TestCase1" time="5.795" errors="0" timestamp="2023-03-27T22:34:06 BDT" skipped="0">
  <testcase classname="testcases.TestCase1" name="practice1" time="5.795"/>
  <system-out/>
</testsuite> <!-- testcases.TestCase1 -->
